Started by user [8mha:////4Pks1cOnvNZCAwu0I7XrBu73M8zJiJHtoMWw/njTTuR6AAAAlx+LCAAAAAAAAP9b85aBtbiIQTGjNKU4P08vOT+vOD8nVc83PyU1x6OyILUoJzMv2y+/JJUBAhiZGBgqihhk0NSjKDWzXb3RdlLBUSYGJk8GtpzUvPSSDB8G5tKinBIGIZ+sxLJE/ZzEvHT94JKizLx0a6BxUmjGOUNodHsLgAzOEgZu/dLi1CL9xJTczDwAawhpaMAAAAA=[0mravikiran
Running in Durability level: MAX_SURVIVABILITY
[8mha:////4EHinaU9aes7Q14hqwiKVJsdc52VNooofzAFHZnaHBjCAAAAaB+LCAAAAAAAAP9b85aBtbiIwTG/KF0vKzUvOzOvODlTryCnNB3I0ivPL8pOy8kv18vKT9JLzs8rzs9J1QuHCgaV5jlDhPzyS1IZIICRiYGhoohBKqM0pTg/D64Hh8ICAFt0h+h/AAAA[0m[Pipeline] node
Running on [8mha:////4Nz9U9mEJ+IbCuyVo+dDwzpT5aP0+v+30YhCcH9g8iFuAAAAnh+LCAAAAAAAAP9b85aBtbiIQTGjNKU4P08vOT+vOD8nVc83PyU1x6OyILUoJzMv2y+/JJUBAhiZGBgqihhk0NSjKDWzXb3RdlLBUSYGJk8GtpzUvPSSDB8G5tKinBIGIZ+sxLJE/ZzEvHT94JKizLx0a6BxUmjGOUNodHsLgAz2EgZh/eT83ILSktQifY3cxGIgrakPAHib2iPIAAAA[0mJenkins in /Users/ravikiranmaroju/.jenkins/workspace/my-pipeline-mvn-job
[8mha:////4EHinaU9aes7Q14hqwiKVJsdc52VNooofzAFHZnaHBjCAAAAaB+LCAAAAAAAAP9b85aBtbiIwTG/KF0vKzUvOzOvODlTryCnNB3I0ivPL8pOy8kv18vKT9JLzs8rzs9J1QuHCgaV5jlDhPzyS1IZIICRiYGhoohBKqM0pTg/D64Hh8ICAFt0h+h/AAAA[0m[Pipeline] {
[8mha:////4EHinaU9aes7Q14hqwiKVJsdc52VNooofzAFHZnaHBjCAAAAaB+LCAAAAAAAAP9b85aBtbiIwTG/KF0vKzUvOzOvODlTryCnNB3I0ivPL8pOy8kv18vKT9JLzs8rzs9J1QuHCgaV5jlDhPzyS1IZIICRiYGhoohBKqM0pTg/D64Hh8ICAFt0h+h/AAAA[0m[Pipeline] stage (checkout from SCM GITHUB)
Using the â€˜stageâ€™ step without a block argument is deprecated
Entering stage checkout from SCM GITHUB
Proceeding
[8mha:////4EHinaU9aes7Q14hqwiKVJsdc52VNooofzAFHZnaHBjCAAAAaB+LCAAAAAAAAP9b85aBtbiIwTG/KF0vKzUvOzOvODlTryCnNB3I0ivPL8pOy8kv18vKT9JLzs8rzs9J1QuHCgaV5jlDhPzyS1IZIICRiYGhoohBKqM0pTg/D64Hh8ICAFt0h+h/AAAA[0m[Pipeline] git
 > git rev-parse --is-inside-work-tree # timeout=10
Fetching changes from the remote Git repository
 > git config remote.origin.url https://github.com/g0t4/jenkins2-course-spring-boot.git # timeout=10
Fetching upstream changes from https://github.com/g0t4/jenkins2-course-spring-boot.git
 > git --version # timeout=10
 > git fetch --tags --progress https://github.com/g0t4/jenkins2-course-spring-boot.git +refs/heads/*:refs/remotes/origin/*
 > git rev-parse refs/remotes/origin/master^{commit} # timeout=10
 > git rev-parse refs/remotes/origin/origin/master^{commit} # timeout=10
Checking out Revision 4bde91e33e2860b2aab142028c04eff37b7791f2 (refs/remotes/origin/master)
 > git config core.sparsecheckout # timeout=10
 > git checkout -f 4bde91e33e2860b2aab142028c04eff37b7791f2
 > git branch -a -v --no-abbrev # timeout=10
 > git branch -D master # timeout=10
 > git checkout -b master 4bde91e33e2860b2aab142028c04eff37b7791f2
Commit message: "Adding in jacoco code coverage"
 > git rev-list --no-walk 4bde91e33e2860b2aab142028c04eff37b7791f2 # timeout=10
[8mha:////4EHinaU9aes7Q14hqwiKVJsdc52VNooofzAFHZnaHBjCAAAAaB+LCAAAAAAAAP9b85aBtbiIwTG/KF0vKzUvOzOvODlTryCnNB3I0ivPL8pOy8kv18vKT9JLzs8rzs9J1QuHCgaV5jlDhPzyS1IZIICRiYGhoohBKqM0pTg/D64Hh8ICAFt0h+h/AAAA[0m[Pipeline] stage (cleaning)
Using the â€˜stageâ€™ step without a block argument is deprecated
Entering stage cleaning
Proceeding
[8mha:////4EHinaU9aes7Q14hqwiKVJsdc52VNooofzAFHZnaHBjCAAAAaB+LCAAAAAAAAP9b85aBtbiIwTG/KF0vKzUvOzOvODlTryCnNB3I0ivPL8pOy8kv18vKT9JLzs8rzs9J1QuHCgaV5jlDhPzyS1IZIICRiYGhoohBKqM0pTg/D64Hh8ICAFt0h+h/AAAA[0m[Pipeline] sh
[my-pipeline-mvn-job] Running shell script
+ mvn -f spring-boot-samples/spring-boot-sample-atmosphere/pom.xml clean
[INFO] Scanning for projects...
Downloading from spring-snapshots: http://repo.spring.io/snapshot/org/springframework/spring-framework-bom/4.3.2.BUILD-SNAPSHOT/maven-metadata.xml
Progress (1): 1.2 kB                    Downloaded from spring-snapshots: http://repo.spring.io/snapshot/org/springframework/spring-framework-bom/4.3.2.BUILD-SNAPSHOT/maven-metadata.xml (1.2 kB at 542 B/s)
[INFO] 
[INFO] -------< org.springframework.boot:spring-boot-sample-atmosphere >-------
[INFO] Building Spring Boot Atmosphere Sample 1.4.0.BUILD-SNAPSHOT
[INFO] --------------------------------[ jar ]---------------------------------
Downloading from spring-snapshots: http://repo.spring.io/snapshot/org/springframework/boot/spring-boot-maven-plugin/1.4.0.BUILD-SNAPSHOT/maven-metadata.xml
Progress (1): 2.1/2.1 kBProgress (1): 2.1 kB                        Downloaded from spring-snapshots: http://repo.spring.io/snapshot/org/springframework/boot/spring-boot-maven-plugin/1.4.0.BUILD-SNAPSHOT/maven-metadata.xml (2.1 kB at 2.9 kB/s)
Downloading from spring-snapshots: http://repo.spring.io/snapshot/org/springframework/boot/spring-boot-tools/1.4.0.BUILD-SNAPSHOT/maven-metadata.xml
Progress (1): 819 B                   Downloaded from spring-snapshots: http://repo.spring.io/snapshot/org/springframework/boot/spring-boot-tools/1.4.0.BUILD-SNAPSHOT/maven-metadata.xml (819 B at 1.2 kB/s)
Downloading from spring-snapshots: http://repo.spring.io/snapshot/org/springframework/boot/spring-boot-parent/1.4.0.BUILD-SNAPSHOT/maven-metadata.xml
Progress (1): 820 B                   Downloaded from spring-snapshots: http://repo.spring.io/snapshot/org/springframework/boot/spring-boot-parent/1.4.0.BUILD-SNAPSHOT/maven-metadata.xml (820 B at 1.3 kB/s)
Downloading from spring-snapshots: http://repo.spring.io/snapshot/org/springframework/boot/spring-boot-dependencies/1.4.0.BUILD-SNAPSHOT/maven-metadata.xml
Progress (1): 1.8 kB                    Downloaded from spring-snapshots: http://repo.spring.io/snapshot/org/springframework/boot/spring-boot-dependencies/1.4.0.BUILD-SNAPSHOT/maven-metadata.xml (1.8 kB at 2.5 kB/s)
[INFO] 
[INFO] --- maven-clean-plugin:2.6.1:clean (default-clean) @ spring-boot-sample-atmosphere ---
[INFO] Deleting /Users/ravikiranmaroju/.jenkins/workspace/my-pipeline-mvn-job/spring-boot-samples/spring-boot-sample-atmosphere/target
[INFO] ------------------------------------------------------------------------
[INFO] BUILD SUCCESS
[INFO] ------------------------------------------------------------------------
[INFO] Total time: 7.025 s
[INFO] Finished at: 2018-12-19T18:01:41+05:30
[INFO] ------------------------------------------------------------------------
[8mha:////4EHinaU9aes7Q14hqwiKVJsdc52VNooofzAFHZnaHBjCAAAAaB+LCAAAAAAAAP9b85aBtbiIwTG/KF0vKzUvOzOvODlTryCnNB3I0ivPL8pOy8kv18vKT9JLzs8rzs9J1QuHCgaV5jlDhPzyS1IZIICRiYGhoohBKqM0pTg/D64Hh8ICAFt0h+h/AAAA[0m[Pipeline] stage (package)
Using the â€˜stageâ€™ step without a block argument is deprecated
Entering stage package
Proceeding
[8mha:////4EHinaU9aes7Q14hqwiKVJsdc52VNooofzAFHZnaHBjCAAAAaB+LCAAAAAAAAP9b85aBtbiIwTG/KF0vKzUvOzOvODlTryCnNB3I0ivPL8pOy8kv18vKT9JLzs8rzs9J1QuHCgaV5jlDhPzyS1IZIICRiYGhoohBKqM0pTg/D64Hh8ICAFt0h+h/AAAA[0m[Pipeline] sh
[my-pipeline-mvn-job] Running shell script
+ mvn -f spring-boot-samples/spring-boot-sample-atmosphere/pom.xml package
[INFO] Scanning for projects...
[INFO] 
[INFO] -------< org.springframework.boot:spring-boot-sample-atmosphere >-------
[INFO] Building Spring Boot Atmosphere Sample 1.4.0.BUILD-SNAPSHOT
[INFO] --------------------------------[ jar ]---------------------------------
Downloading from spring-snapshots: http://repo.spring.io/snapshot/org/springframework/boot/spring-boot-starter-web/1.4.0.BUILD-SNAPSHOT/maven-metadata.xml
Progress (1): 2.1 kB                    Downloaded from spring-snapshots: http://repo.spring.io/snapshot/org/springframework/boot/spring-boot-starter-web/1.4.0.BUILD-SNAPSHOT/maven-metadata.xml (2.1 kB at 1.6 kB/s)
Downloading from spring-snapshots: http://repo.spring.io/snapshot/org/springframework/boot/spring-boot-starters/1.4.0.BUILD-SNAPSHOT/maven-metadata.xml
Progress (1): 822 B                   Downloaded from spring-snapshots: http://repo.spring.io/snapshot/org/springframework/boot/spring-boot-starters/1.4.0.BUILD-SNAPSHOT/maven-metadata.xml (822 B at 1.4 kB/s)
Downloading from spring-snapshots: http://repo.spring.io/snapshot/org/springframework/boot/spring-boot-starter/1.4.0.BUILD-SNAPSHOT/maven-metadata.xml
Progress (1): 2.1 kB                    Downloaded from spring-snapshots: http://repo.spring.io/snapshot/org/springframework/boot/spring-boot-starter/1.4.0.BUILD-SNAPSHOT/maven-metadata.xml (2.1 kB at 3.4 kB/s)
Downloading from spring-snapshots: http://repo.spring.io/snapshot/org/springframework/boot/spring-boot/1.4.0.BUILD-SNAPSHOT/maven-metadata.xml
Progress (1): 2.5 kB                    Downloaded from spring-snapshots: http://repo.spring.io/snapshot/org/springframework/boot/spring-boot/1.4.0.BUILD-SNAPSHOT/maven-metadata.xml (2.5 kB at 4.2 kB/s)
Downloading from spring-snapshots: http://repo.spring.io/snapshot/org/springframework/spring-core/4.3.2.BUILD-SNAPSHOT/maven-metadata.xml
Progress (1): 2.0 kB                    Downloaded from spring-snapshots: http://repo.spring.io/snapshot/org/springframework/spring-core/4.3.2.BUILD-SNAPSHOT/maven-metadata.xml (2.0 kB at 3.0 kB/s)
Downloading from spring-snapshots: http://repo.spring.io/snapshot/org/springframework/spring-context/4.3.2.BUILD-SNAPSHOT/maven-metadata.xml
Progress (1): 2.0 kB                    Downloaded from spring-snapshots: http://repo.spring.io/snapshot/org/springframework/spring-context/4.3.2.BUILD-SNAPSHOT/maven-metadata.xml (2.0 kB at 2.5 kB/s)
Downloading from spring-snapshots: http://repo.spring.io/snapshot/org/springframework/spring-aop/4.3.2.BUILD-SNAPSHOT/maven-metadata.xml
Progress (1): 2.0 kB                    Downloaded from spring-snapshots: http://repo.spring.io/snapshot/org/springframework/spring-aop/4.3.2.BUILD-SNAPSHOT/maven-metadata.xml (2.0 kB at 3.0 kB/s)
Downloading from spring-snapshots: http://repo.spring.io/snapshot/org/springframework/spring-beans/4.3.2.BUILD-SNAPSHOT/maven-metadata.xml
Progress (1): 2.0 kB                    Downloaded from spring-snapshots: http://repo.spring.io/snapshot/org/springframework/spring-beans/4.3.2.BUILD-SNAPSHOT/maven-metadata.xml (2.0 kB at 3.0 kB/s)
Downloading from spring-snapshots: http://repo.spring.io/snapshot/org/springframework/spring-expression/4.3.2.BUILD-SNAPSHOT/maven-metadata.xml
Progress (1): 2.0 kB                    Downloaded from spring-snapshots: http://repo.spring.io/snapshot/org/springframework/spring-expression/4.3.2.BUILD-SNAPSHOT/maven-metadata.xml (2.0 kB at 2.8 kB/s)
Downloading from spring-snapshots: http://repo.spring.io/snapshot/org/springframework/boot/spring-boot-autoconfigure/1.4.0.BUILD-SNAPSHOT/maven-metadata.xml
Progress (1): 2.1/2.1 kBProgress (1): 2.1 kB                        Downloaded from spring-snapshots: http://repo.spring.io/snapshot/org/springframework/boot/spring-boot-autoconfigure/1.4.0.BUILD-SNAPSHOT/maven-metadata.xml (2.1 kB at 3.0 kB/s)
Downloading from spring-snapshots: http://repo.spring.io/snapshot/org/springframework/boot/spring-boot-starter-logging/1.4.0.BUILD-SNAPSHOT/maven-metadata.xml
Progress (1): 1.6 kB                    Downloaded from spring-snapshots: http://repo.spring.io/snapshot/org/springframework/boot/spring-boot-starter-logging/1.4.0.BUILD-SNAPSHOT/maven-metadata.xml (1.6 kB at 2.4 kB/s)
Downloading from spring-snapshots: http://repo.spring.io/snapshot/org/springframework/boot/spring-boot-starter-tomcat/1.4.0.BUILD-SNAPSHOT/maven-metadata.xml
Progress (1): 1.6 kB                    Downloaded from spring-snapshots: http://repo.spring.io/snapshot/org/springframework/boot/spring-boot-starter-tomcat/1.4.0.BUILD-SNAPSHOT/maven-metadata.xml (1.6 kB at 2.5 kB/s)
Downloading from spring-snapshots: http://repo.spring.io/snapshot/org/springframework/spring-web/4.3.2.BUILD-SNAPSHOT/maven-metadata.xml
Progress (1): 2.0 kB                    Downloaded from spring-snapshots: http://repo.spring.io/snapshot/org/springframework/spring-web/4.3.2.BUILD-SNAPSHOT/maven-metadata.xml (2.0 kB at 2.6 kB/s)
Downloading from spring-snapshots: http://repo.spring.io/snapshot/org/springframework/spring-webmvc/4.3.2.BUILD-SNAPSHOT/maven-metadata.xml
Progress (1): 2.0 kB                    Downloaded from spring-snapshots: http://repo.spring.io/snapshot/org/springframework/spring-webmvc/4.3.2.BUILD-SNAPSHOT/maven-metadata.xml (2.0 kB at 2.6 kB/s)
Downloading from spring-snapshots: http://repo.spring.io/snapshot/org/springframework/boot/spring-boot-starter-test/1.4.0.BUILD-SNAPSHOT/maven-metadata.xml
Progress (1): 2.1/2.1 kBProgress (1): 2.1 kB                        Downloaded from spring-snapshots: http://repo.spring.io/snapshot/org/springframework/boot/spring-boot-starter-test/1.4.0.BUILD-SNAPSHOT/maven-metadata.xml (2.1 kB at 3.3 kB/s)
Downloading from spring-snapshots: http://repo.spring.io/snapshot/org/springframework/boot/spring-boot-test/1.4.0.BUILD-SNAPSHOT/maven-metadata.xml
Progress (1): 2.1/2.5 kBProgress (1): 2.5 kB                        Downloaded from spring-snapshots: http://repo.spring.io/snapshot/org/springframework/boot/spring-boot-test/1.4.0.BUILD-SNAPSHOT/maven-metadata.xml (2.5 kB at 3.1 kB/s)
Downloading from spring-snapshots: http://repo.spring.io/snapshot/org/springframework/boot/spring-boot-test-autoconfigure/1.4.0.BUILD-SNAPSHOT/maven-metadata.xml
Progress (1): 2.1 kB                    Downloaded from spring-snapshots: http://repo.spring.io/snapshot/org/springframework/boot/spring-boot-test-autoconfigure/1.4.0.BUILD-SNAPSHOT/maven-metadata.xml (2.1 kB at 3.1 kB/s)
Downloading from spring-snapshots: http://repo.spring.io/snapshot/org/springframework/spring-test/4.3.2.BUILD-SNAPSHOT/maven-metadata.xml
Progress (1): 2.0 kB                    Downloaded from spring-snapshots: http://repo.spring.io/snapshot/org/springframework/spring-test/4.3.2.BUILD-SNAPSHOT/maven-metadata.xml (2.0 kB at 2.9 kB/s)
Downloading from spring-snapshots: http://repo.spring.io/snapshot/org/springframework/spring-websocket/4.3.2.BUILD-SNAPSHOT/maven-metadata.xml
Progress (1): 2.0 kB                    Downloaded from spring-snapshots: http://repo.spring.io/snapshot/org/springframework/spring-websocket/4.3.2.BUILD-SNAPSHOT/maven-metadata.xml (2.0 kB at 2.9 kB/s)
[INFO] 
[INFO] --- jacoco-maven-plugin:0.7.7.201606060606:prepare-agent (default-prepare-agent) @ spring-boot-sample-atmosphere ---
[INFO] argLine set to -javaagent:/Users/ravikiranmaroju/.m2/repository/org/jacoco/org.jacoco.agent/0.7.7.201606060606/org.jacoco.agent-0.7.7.201606060606-runtime.jar=destfile=/Users/ravikiranmaroju/.jenkins/workspace/my-pipeline-mvn-job/spring-boot-samples/spring-boot-sample-atmosphere/target/jacoco.exec
[INFO] 
[INFO] --- maven-resources-plugin:2.6:resources (default-resources) @ spring-boot-sample-atmosphere ---
[INFO] Using 'UTF-8' encoding to copy filtered resources.
[INFO] Copying 1 resource
[INFO] Copying 3 resources
[INFO] 
[INFO] --- maven-compiler-plugin:3.1:compile (default-compile) @ spring-boot-sample-atmosphere ---
[INFO] Changes detected - recompiling the module!
[INFO] Compiling 3 source files to /Users/ravikiranmaroju/.jenkins/workspace/my-pipeline-mvn-job/spring-boot-samples/spring-boot-sample-atmosphere/target/classes
[INFO] 
[INFO] --- maven-resources-plugin:2.6:testResources (default-testResources) @ spring-boot-sample-atmosphere ---
[INFO] Using 'UTF-8' encoding to copy filtered resources.
[INFO] skip non existing resourceDirectory /Users/ravikiranmaroju/.jenkins/workspace/my-pipeline-mvn-job/spring-boot-samples/spring-boot-sample-atmosphere/src/test/resources
[INFO] 
[INFO] --- maven-compiler-plugin:3.1:testCompile (default-testCompile) @ spring-boot-sample-atmosphere ---
[INFO] Changes detected - recompiling the module!
[INFO] Compiling 1 source file to /Users/ravikiranmaroju/.jenkins/workspace/my-pipeline-mvn-job/spring-boot-samples/spring-boot-sample-atmosphere/target/test-classes
[INFO] 
[INFO] --- maven-surefire-plugin:2.18.1:test (default-test) @ spring-boot-sample-atmosphere ---
[INFO] Surefire report directory: /Users/ravikiranmaroju/.jenkins/workspace/my-pipeline-mvn-job/spring-boot-samples/spring-boot-sample-atmosphere/target/surefire-reports

-------------------------------------------------------
 T E S T S
-------------------------------------------------------
18:02:06.242 [main] DEBUG org.springframework.test.context.junit4.SpringJUnit4ClassRunner - SpringJUnit4ClassRunner constructor called with [class sample.atmosphere.SampleAtmosphereApplicationTests]
18:02:06.263 [main] DEBUG org.springframework.test.context.BootstrapUtils - Instantiating CacheAwareContextLoaderDelegate from class [org.springframework.test.context.cache.DefaultCacheAwareContextLoaderDelegate]
18:02:06.310 [main] DEBUG org.springframework.test.context.BootstrapUtils - Instantiating BootstrapContext using constructor [public org.springframework.test.context.support.DefaultBootstrapContext(java.lang.Class,org.springframework.test.context.CacheAwareContextLoaderDelegate)]
18:02:06.371 [main] DEBUG org.springframework.test.context.BootstrapUtils - Instantiating TestContextBootstrapper for test class [sample.atmosphere.SampleAtmosphereApplicationTests] from class [org.springframework.boot.test.context.SpringBootTestContextBootstrapper]
18:02:06.409 [main] INFO org.springframework.boot.test.context.SpringBootTestContextBootstrapper - Neither @ContextConfiguration nor @ContextHierarchy found for test class [sample.atmosphere.SampleAtmosphereApplicationTests], using SpringBootContextLoader
18:02:06.430 [main] DEBUG org.springframework.test.context.support.AbstractContextLoader - Did not detect default resource location for test class [sample.atmosphere.SampleAtmosphereApplicationTests]: class path resource [sample/atmosphere/SampleAtmosphereApplicationTests-context.xml] does not exist
18:02:06.431 [main] DEBUG org.springframework.test.context.support.AbstractContextLoader - Did not detect default resource location for test class [sample.atmosphere.SampleAtmosphereApplicationTests]: class path resource [sample/atmosphere/SampleAtmosphereApplicationTestsContext.groovy] does not exist
18:02:06.431 [main] INFO org.springframework.test.context.support.AbstractContextLoader - Could not detect default resource locations for test class [sample.atmosphere.SampleAtmosphereApplicationTests]: no resource found for suffixes {-context.xml, Context.groovy}.
18:02:06.570 [main] DEBUG org.springframework.test.context.support.ActiveProfilesUtils - Could not find an 'annotation declaring class' for annotation type [org.springframework.test.context.ActiveProfiles] and class [sample.atmosphere.SampleAtmosphereApplicationTests]
18:02:06.613 [main] DEBUG org.springframework.boot.test.context.SpringBootTestContextBootstrapper - @TestExecutionListeners is not present for class [sample.atmosphere.SampleAtmosphereApplicationTests]: using defaults.
18:02:06.618 [main] INFO org.springframework.boot.test.context.SpringBootTestContextBootstrapper - Loaded default TestExecutionListener class names from location [META-INF/spring.factories]: [org.springframework.boot.test.mock.mockito.MockitoTestExecutionListener, org.springframework.boot.test.mock.mockito.ResetMocksTestExecutionListener, org.springframework.boot.test.autoconfigure.AutoConfigureReportTestExecutionListener, org.springframework.boot.test.autoconfigure.restdocs.RestDocsTestExecutionListener, org.springframework.boot.test.autoconfigure.web.client.MockRestServiceServerResetTestExecutionListener, org.springframework.test.context.web.ServletTestExecutionListener, org.springframework.test.context.support.DirtiesContextBeforeModesTestExecutionListener, org.springframework.test.context.support.DependencyInjectionTestExecutionListener, org.springframework.test.context.support.DirtiesContextTestExecutionListener, org.springframework.test.context.transaction.TransactionalTestExecutionListener, org.springframework.test.context.jdbc.SqlScriptsTestExecutionListener]
18:02:06.643 [main] INFO org.springframework.boot.test.context.SpringBootTestContextBootstrapper - Could not instantiate TestExecutionListener [org.springframework.test.context.transaction.TransactionalTestExecutionListener]. Specify custom listener classes or make the default listener classes (and their required dependencies) available. Offending class: [org/springframework/transaction/interceptor/TransactionAttributeSource]
18:02:06.654 [main] INFO org.springframework.boot.test.context.SpringBootTestContextBootstrapper - Could not instantiate TestExecutionListener [org.springframework.test.context.jdbc.SqlScriptsTestExecutionListener]. Specify custom listener classes or make the default listener classes (and their required dependencies) available. Offending class: [org/springframework/transaction/interceptor/TransactionAttribute]
18:02:06.654 [main] INFO org.springframework.boot.test.context.SpringBootTestContextBootstrapper - Using TestExecutionListeners: [org.springframework.test.context.web.ServletTestExecutionListener@3eba57a7, org.springframework.test.context.support.DirtiesContextBeforeModesTestExecutionListener@272a179c, org.springframework.boot.test.autoconfigure.AutoConfigureReportTestExecutionListener@30feffc, org.springframework.test.context.support.DependencyInjectionTestExecutionListener@67207d8a, org.springframework.test.context.support.DirtiesContextTestExecutionListener@bcb09a6, org.springframework.boot.test.mock.mockito.MockitoTestExecutionListener@7c2a69b4, org.springframework.boot.test.autoconfigure.web.client.MockRestServiceServerResetTestExecutionListener@a619c2, org.springframework.boot.test.mock.mockito.ResetMocksTestExecutionListener@648ee871, org.springframework.boot.test.autoconfigure.restdocs.RestDocsTestExecutionListener@375b5b7f]
18:02:06.662 [main] DEBUG org.springframework.test.annotation.ProfileValueUtils - Retrieved @ProfileValueSourceConfiguration [null] for test class [sample.atmosphere.SampleAtmosphereApplicationTests]
18:02:06.666 [main] DEBUG org.springframework.test.annotation.ProfileValueUtils - Retrieved ProfileValueSource type [class org.springframework.test.annotation.SystemProfileValueSource] for class [sample.atmosphere.SampleAtmosphereApplicationTests]
Running sample.atmosphere.SampleAtmosphereApplicationTests
18:02:06.675 [main] DEBUG org.springframework.test.context.junit4.SpringJUnit4ClassRunner - SpringJUnit4ClassRunner constructor called with [class sample.atmosphere.SampleAtmosphereApplicationTests]
18:02:06.676 [main] DEBUG org.springframework.test.context.BootstrapUtils - Instantiating CacheAwareContextLoaderDelegate from class [org.springframework.test.context.cache.DefaultCacheAwareContextLoaderDelegate]
18:02:06.676 [main] DEBUG org.springframework.test.context.BootstrapUtils - Instantiating BootstrapContext using constructor [public org.springframework.test.context.support.DefaultBootstrapContext(java.lang.Class,org.springframework.test.context.CacheAwareContextLoaderDelegate)]
18:02:06.677 [main] DEBUG org.springframework.test.context.BootstrapUtils - Instantiating TestContextBootstrapper for test class [sample.atmosphere.SampleAtmosphereApplicationTests] from class [org.springframework.boot.test.context.SpringBootTestContextBootstrapper]
18:02:06.679 [main] INFO org.springframework.boot.test.context.SpringBootTestContextBootstrapper - Neither @ContextConfiguration nor @ContextHierarchy found for test class [sample.atmosphere.SampleAtmosphereApplicationTests], using SpringBootContextLoader
18:02:06.681 [main] DEBUG org.springframework.test.context.support.AbstractContextLoader - Did not detect default resource location for test class [sample.atmosphere.SampleAtmosphereApplicationTests]: class path resource [sample/atmosphere/SampleAtmosphereApplicationTests-context.xml] does not exist
18:02:06.681 [main] DEBUG org.springframework.test.context.support.AbstractContextLoader - Did not detect default resource location for test class [sample.atmosphere.SampleAtmosphereApplicationTests]: class path resource [sample/atmosphere/SampleAtmosphereApplicationTestsContext.groovy] does not exist
18:02:06.682 [main] INFO org.springframework.test.context.support.AbstractContextLoader - Could not detect default resource locations for test class [sample.atmosphere.SampleAtmosphereApplicationTests]: no resource found for suffixes {-context.xml, Context.groovy}.
18:02:06.689 [main] DEBUG org.springframework.test.context.support.ActiveProfilesUtils - Could not find an 'annotation declaring class' for annotation type [org.springframework.test.context.ActiveProfiles] and class [sample.atmosphere.SampleAtmosphereApplicationTests]
18:02:06.694 [main] DEBUG org.springframework.boot.test.context.SpringBootTestContextBootstrapper - @TestExecutionListeners is not present for class [sample.atmosphere.SampleAtmosphereApplicationTests]: using defaults.
18:02:06.698 [main] INFO org.springframework.boot.test.context.SpringBootTestContextBootstrapper - Loaded default TestExecutionListener class names from location [META-INF/spring.factories]: [org.springframework.boot.test.mock.mockito.MockitoTestExecutionListener, org.springframework.boot.test.mock.mockito.ResetMocksTestExecutionListener, org.springframework.boot.test.autoconfigure.AutoConfigureReportTestExecutionListener, org.springframework.boot.test.autoconfigure.restdocs.RestDocsTestExecutionListener, org.springframework.boot.test.autoconfigure.web.client.MockRestServiceServerResetTestExecutionListener, org.springframework.test.context.web.ServletTestExecutionListener, org.springframework.test.context.support.DirtiesContextBeforeModesTestExecutionListener, org.springframework.test.context.support.DependencyInjectionTestExecutionListener, org.springframework.test.context.support.DirtiesContextTestExecutionListener, org.springframework.test.context.transaction.TransactionalTestExecutionListener, org.springframework.test.context.jdbc.SqlScriptsTestExecutionListener]
18:02:06.699 [main] INFO org.springframework.boot.test.context.SpringBootTestContextBootstrapper - Could not instantiate TestExecutionListener [org.springframework.test.context.transaction.TransactionalTestExecutionListener]. Specify custom listener classes or make the default listener classes (and their required dependencies) available. Offending class: [org/springframework/transaction/interceptor/TransactionAttributeSource]
18:02:06.701 [main] INFO org.springframework.boot.test.context.SpringBootTestContextBootstrapper - Could not instantiate TestExecutionListener [org.springframework.test.context.jdbc.SqlScriptsTestExecutionListener]. Specify custom listener classes or make the default listener classes (and their required dependencies) available. Offending class: [org/springframework/transaction/interceptor/TransactionAttribute]
18:02:06.701 [main] INFO org.springframework.boot.test.context.SpringBootTestContextBootstrapper - Using TestExecutionListeners: [org.springframework.test.context.web.ServletTestExecutionListener@1a5b8489, org.springframework.test.context.support.DirtiesContextBeforeModesTestExecutionListener@6f8f8a80, org.springframework.boot.test.autoconfigure.AutoConfigureReportTestExecutionListener@4b1c0397, org.springframework.test.context.support.DependencyInjectionTestExecutionListener@72805168, org.springframework.test.context.support.DirtiesContextTestExecutionListener@34b9fc7d, org.springframework.boot.test.mock.mockito.MockitoTestExecutionListener@27f1bbe0, org.springframework.boot.test.autoconfigure.web.client.MockRestServiceServerResetTestExecutionListener@cda0432, org.springframework.boot.test.mock.mockito.ResetMocksTestExecutionListener@7c211fd0, org.springframework.boot.test.autoconfigure.restdocs.RestDocsTestExecutionListener@7004e3d]
18:02:06.702 [main] DEBUG org.springframework.test.annotation.ProfileValueUtils - Retrieved @ProfileValueSourceConfiguration [null] for test class [sample.atmosphere.SampleAtmosphereApplicationTests]
18:02:06.702 [main] DEBUG org.springframework.test.annotation.ProfileValueUtils - Retrieved ProfileValueSource type [class org.springframework.test.annotation.SystemProfileValueSource] for class [sample.atmosphere.SampleAtmosphereApplicationTests]
18:02:06.704 [main] DEBUG org.springframework.test.annotation.ProfileValueUtils - Retrieved @ProfileValueSourceConfiguration [null] for test class [sample.atmosphere.SampleAtmosphereApplicationTests]
18:02:06.705 [main] DEBUG org.springframework.test.annotation.ProfileValueUtils - Retrieved ProfileValueSource type [class org.springframework.test.annotation.SystemProfileValueSource] for class [sample.atmosphere.SampleAtmosphereApplicationTests]
18:02:06.715 [main] DEBUG org.springframework.test.context.support.AbstractDirtiesContextTestExecutionListener - Before test class: context [DefaultTestContext@1917d90f testClass = SampleAtmosphereApplicationTests, testInstance = [null], testMethod = [null], testException = [null], mergedContextConfiguration = [WebMergedContextConfiguration@66bfd864 testClass = SampleAtmosphereApplicationTests, locations = '{}', classes = '{class sample.atmosphere.SampleAtmosphereApplication, class sample.atmosphere.SampleAtmosphereApplication}', contextInitializerClasses = '[]', activeProfiles = '{}', propertySourceLocations = '{}', propertySourceProperties = '{org.springframework.boot.test.context.SpringBootTestContextBootstrapper=true, server.port=0}', contextCustomizers = set[org.springframework.boot.test.context.SpringBootTestContextCustomizer@54e7391d, org.springframework.boot.test.context.filter.ExcludeFilterContextCustomizer@29d2d081, org.springframework.boot.test.mock.mockito.MockitoContextCustomizer@0, org.springframework.boot.test.autoconfigure.properties.PropertyMappingContextCustomizer@0], resourceBasePath = 'src/main/webapp', contextLoader = 'org.springframework.boot.test.context.SpringBootContextLoader', parent = [null]]], class annotated with @DirtiesContext [true] with mode [AFTER_CLASS].
18:02:06.717 [main] DEBUG org.springframework.test.annotation.ProfileValueUtils - Retrieved @ProfileValueSourceConfiguration [null] for test class [sample.atmosphere.SampleAtmosphereApplicationTests]
18:02:06.717 [main] DEBUG org.springframework.test.annotation.ProfileValueUtils - Retrieved ProfileValueSource type [class org.springframework.test.annotation.SystemProfileValueSource] for class [sample.atmosphere.SampleAtmosphereApplicationTests]
18:02:06.719 [main] DEBUG org.springframework.test.context.support.DependencyInjectionTestExecutionListener - Performing dependency injection for test context [[DefaultTestContext@1917d90f testClass = SampleAtmosphereApplicationTests, testInstance = sample.atmosphere.SampleAtmosphereApplicationTests@783ec989, testMethod = [null], testException = [null], mergedContextConfiguration = [WebMergedContextConfiguration@66bfd864 testClass = SampleAtmosphereApplicationTests, locations = '{}', classes = '{class sample.atmosphere.SampleAtmosphereApplication, class sample.atmosphere.SampleAtmosphereApplication}', contextInitializerClasses = '[]', activeProfiles = '{}', propertySourceLocations = '{}', propertySourceProperties = '{org.springframework.boot.test.context.SpringBootTestContextBootstrapper=true, server.port=0}', contextCustomizers = set[org.springframework.boot.test.context.SpringBootTestContextCustomizer@54e7391d, org.springframework.boot.test.context.filter.ExcludeFilterContextCustomizer@29d2d081, org.springframework.boot.test.mock.mockito.MockitoContextCustomizer@0, org.springframework.boot.test.autoconfigure.properties.PropertyMappingContextCustomizer@0], resourceBasePath = 'src/main/webapp', contextLoader = 'org.springframework.boot.test.context.SpringBootContextLoader', parent = [null]]]].
18:02:06.983 [main] DEBUG org.springframework.core.env.StandardEnvironment - Adding [systemProperties] PropertySource with lowest search precedence
18:02:06.985 [main] DEBUG org.springframework.core.env.StandardEnvironment - Adding [systemEnvironment] PropertySource with lowest search precedence
18:02:06.986 [main] DEBUG org.springframework.core.env.StandardEnvironment - Initialized StandardEnvironment with PropertySources [systemProperties,systemEnvironment]
18:02:06.992 [main] DEBUG org.springframework.test.context.support.TestPropertySourceUtils - Adding inlined properties to environment: {spring.jmx.enabled=false, org.springframework.boot.test.context.SpringBootTestContextBootstrapper=true, server.port=0}
18:02:06.993 [main] DEBUG org.springframework.core.env.StandardEnvironment - Adding [Inlined Test Properties] PropertySource with highest search precedence

  .   ____          _            __ _ _
 /\\ / ___'_ __ _ _(_)_ __  __ _ \ \ \ \
( ( )\___ | '_ | '_| | '_ \/ _` | \ \ \ \
 \\/  ___)| |_)| | | | | || (_| |  ) ) ) )
  '  |____| .__|_| |_|_| |_\__, | / / / /
 =========|_|==============|___/=/_/_/_/
 :: Spring Boot ::  (v1.4.0.BUILD-SNAPSHOT)

2018-12-19 18:02:08.708  INFO 2339 --- [           main] s.a.SampleAtmosphereApplicationTests     : Starting SampleAtmosphereApplicationTests on Macbook-Air.local with PID 2339 (started by ravikiranmaroju in /Users/ravikiranmaroju/.jenkins/workspace/my-pipeline-mvn-job/spring-boot-samples/spring-boot-sample-atmosphere)
2018-12-19 18:02:08.713  INFO 2339 --- [           main] s.a.SampleAtmosphereApplicationTests     : No active profile set, falling back to default profiles: default
2018-12-19 18:02:08.807  INFO 2339 --- [           main] ationConfigEmbeddedWebApplicationContext : Refreshing org.springframework.boot.context.embedded.AnnotationConfigEmbeddedWebApplicationContext@6054ac20: startup date [Wed Dec 19 18:02:08 IST 2018]; root of context hierarchy
2018-12-19 18:02:11.231  INFO 2339 --- [           main] f.a.AutowiredAnnotationBeanPostProcessor : JSR-330 'javax.inject.Inject' annotation found and supported for autowiring
2018-12-19 18:02:12.394  INFO 2339 --- [           main] s.b.c.e.t.TomcatEmbeddedServletContainer : Tomcat initialized with port(s): 0 (http)
2018-12-19 18:02:12.428  INFO 2339 --- [           main] o.apache.catalina.core.StandardService   : Starting service Tomcat
2018-12-19 18:02:12.432  INFO 2339 --- [           main] org.apache.catalina.core.StandardEngine  : Starting Servlet Engine: Apache Tomcat/8.5.4
2018-12-19 18:02:12.690  INFO 2339 --- [ost-startStop-1] o.a.c.c.C.[Tomcat].[localhost].[/]       : Initializing Spring embedded WebApplicationContext
2018-12-19 18:02:12.691  INFO 2339 --- [ost-startStop-1] o.s.web.context.ContextLoader            : Root WebApplicationContext: initialization completed in 3896 ms
2018-12-19 18:02:13.054  INFO 2339 --- [ost-startStop-1] o.s.b.w.servlet.ServletRegistrationBean  : Mapping servlet: 'atmosphereServlet' to [/chat/*]
2018-12-19 18:02:13.059  INFO 2339 --- [ost-startStop-1] o.s.b.w.servlet.ServletRegistrationBean  : Mapping servlet: 'dispatcherServlet' to [/home/*]
2018-12-19 18:02:13.060  INFO 2339 --- [ost-startStop-1] o.a.c.c.C.[Tomcat].[localhost].[/]       : Initializing AtmosphereFramework
2018-12-19 18:02:13.212  INFO 2339 --- [ost-startStop-1] o.s.b.w.servlet.FilterRegistrationBean   : Mapping filter: 'characterEncodingFilter' to: [/*]
2018-12-19 18:02:13.213  INFO 2339 --- [ost-startStop-1] o.s.b.w.servlet.FilterRegistrationBean   : Mapping filter: 'hiddenHttpMethodFilter' to: [/*]
2018-12-19 18:02:13.213  INFO 2339 --- [ost-startStop-1] o.s.b.w.servlet.FilterRegistrationBean   : Mapping filter: 'httpPutFormContentFilter' to: [/*]
2018-12-19 18:02:13.214  INFO 2339 --- [ost-startStop-1] o.s.b.w.servlet.FilterRegistrationBean   : Mapping filter: 'requestContextFilter' to: [/*]
2018-12-19 18:02:13.904  INFO 2339 --- [           main] s.w.s.m.m.a.RequestMappingHandlerAdapter : Looking for @ControllerAdvice: org.springframework.boot.context.embedded.AnnotationConfigEmbeddedWebApplicationContext@6054ac20: startup date [Wed Dec 19 18:02:08 IST 2018]; root of context hierarchy
2018-12-19 18:02:14.098  INFO 2339 --- [           main] s.w.s.m.m.a.RequestMappingHandlerMapping : Mapped "{[/error]}" onto public org.springframework.http.ResponseEntity<java.util.Map<java.lang.String, java.lang.Object>> org.springframework.boot.autoconfigure.web.BasicErrorController.error(javax.servlet.http.HttpServletRequest)
2018-12-19 18:02:14.100  INFO 2339 --- [           main] s.w.s.m.m.a.RequestMappingHandlerMapping : Mapped "{[/error],produces=[text/html]}" onto public org.springframework.web.servlet.ModelAndView org.springframework.boot.autoconfigure.web.BasicErrorController.errorHtml(javax.servlet.http.HttpServletRequest,javax.servlet.http.HttpServletResponse)
2018-12-19 18:02:14.135  INFO 2339 --- [           main] o.s.w.s.handler.SimpleUrlHandlerMapping  : Root mapping to handler of type [class org.springframework.web.servlet.mvc.ParameterizableViewController]
2018-12-19 18:02:14.158  INFO 2339 --- [           main] o.s.w.s.handler.SimpleUrlHandlerMapping  : Mapped URL path [/webjars/**] onto handler of type [class org.springframework.web.servlet.resource.ResourceHttpRequestHandler]
2018-12-19 18:02:14.159  INFO 2339 --- [           main] o.s.w.s.handler.SimpleUrlHandlerMapping  : Mapped URL path [/**] onto handler of type [class org.springframework.web.servlet.resource.ResourceHttpRequestHandler]
2018-12-19 18:02:14.234  INFO 2339 --- [           main] o.s.w.s.handler.SimpleUrlHandlerMapping  : Mapped URL path [/**/favicon.ico] onto handler of type [class org.springframework.web.servlet.resource.ResourceHttpRequestHandler]
2018-12-19 18:02:14.581  INFO 2339 --- [           main] org.atmosphere.util.IOUtils              : META-INF/services/org.atmosphere.cpr.AtmosphereFramework not found in class loader
2018-12-19 18:02:14.764  INFO 2339 --- [           main] org.atmosphere.cpr.AtmosphereFramework   : Atmosphere is using org.atmosphere.cpr.DefaultAnnotationProcessor for processing annotation
2018-12-19 18:02:14.766  INFO 2339 --- [           main] o.a.cpr.DefaultAnnotationProcessor       : AnnotationProcessor class org.atmosphere.cpr.DefaultAnnotationProcessor$BytecodeBasedAnnotationProcessor being used
2018-12-19 18:02:14.826  INFO 2339 --- [           main] org.atmosphere.cpr.AnnotationHandler     : Found Annotation in class sample.atmosphere.ChatService being scanned: interface org.atmosphere.config.service.ManagedService
2018-12-19 18:02:14.894  INFO 2339 --- [           main] org.atmosphere.cpr.AtmosphereFramework   : Installed AtmosphereHandler org.atmosphere.config.managed.ManagedAtmosphereHandler mapped to context-path /chat and Broadcaster Class org.atmosphere.cpr.DefaultBroadcaster
2018-12-19 18:02:14.895  INFO 2339 --- [           main] org.atmosphere.cpr.AtmosphereFramework   : Installed AtmosphereInterceptor [@ManagedService Interceptor, Atmosphere LifeCycle,  Track Message Size Interceptor using |, UUID Tracking Interceptor] mapped to AtmosphereHandler org.atmosphere.config.managed.ManagedAtmosphereHandler
2018-12-19 18:02:14.907  INFO 2339 --- [           main] org.atmosphere.cpr.AtmosphereFramework   : Auto detecting WebSocketHandler in /WEB-INF/classes/
2018-12-19 18:02:14.909  INFO 2339 --- [           main] org.atmosphere.cpr.AtmosphereFramework   : Installed WebSocketProtocol org.atmosphere.websocket.protocol.SimpleHttpProtocol 
2018-12-19 18:02:14.922  INFO 2339 --- [           main] o.a.container.JSR356AsyncSupport         : JSR 356 Mapping path /chat
2018-12-19 18:02:14.958  INFO 2339 --- [           main] org.atmosphere.cpr.AtmosphereFramework   : Installing Default AtmosphereInterceptor
2018-12-19 18:02:14.959  INFO 2339 --- [           main] org.atmosphere.cpr.AtmosphereFramework   : 	org.atmosphere.interceptor.CorsInterceptor : CORS Interceptor Support
2018-12-19 18:02:14.959  INFO 2339 --- [           main] org.atmosphere.cpr.AtmosphereFramework   : 	org.atmosphere.interceptor.CacheHeadersInterceptor : Default Response's Headers Interceptor
2018-12-19 18:02:14.960  INFO 2339 --- [           main] org.atmosphere.cpr.AtmosphereFramework   : 	org.atmosphere.interceptor.PaddingAtmosphereInterceptor : Browser Padding Interceptor Support
2018-12-19 18:02:14.961  INFO 2339 --- [           main] org.atmosphere.cpr.AtmosphereFramework   : 	org.atmosphere.interceptor.AndroidAtmosphereInterceptor : Android Interceptor Support
2018-12-19 18:02:14.962  INFO 2339 --- [           main] org.atmosphere.cpr.AtmosphereFramework   : 	org.atmosphere.interceptor.HeartbeatInterceptor : Heartbeat Interceptor Support
2018-12-19 18:02:14.963  INFO 2339 --- [           main] org.atmosphere.cpr.AtmosphereFramework   : 	org.atmosphere.interceptor.SSEAtmosphereInterceptor : SSE Interceptor Support
2018-12-19 18:02:14.963  INFO 2339 --- [           main] org.atmosphere.cpr.AtmosphereFramework   : 	org.atmosphere.interceptor.JSONPAtmosphereInterceptor : JSONP Interceptor Support
2018-12-19 18:02:14.966  INFO 2339 --- [           main] org.atmosphere.cpr.AtmosphereFramework   : 	org.atmosphere.interceptor.JavaScriptProtocol : Atmosphere JavaScript Protocol
2018-12-19 18:02:14.966  INFO 2339 --- [           main] org.atmosphere.cpr.AtmosphereFramework   : 	org.atmosphere.interceptor.WebSocketMessageSuspendInterceptor : org.atmosphere.interceptor.WebSocketMessageSuspendInterceptor
2018-12-19 18:02:14.967  INFO 2339 --- [           main] org.atmosphere.cpr.AtmosphereFramework   : 	org.atmosphere.interceptor.OnDisconnectInterceptor : Browser disconnection detection
2018-12-19 18:02:14.967  INFO 2339 --- [           main] org.atmosphere.cpr.AtmosphereFramework   : 	org.atmosphere.interceptor.IdleResourceInterceptor : org.atmosphere.interceptor.IdleResourceInterceptor
2018-12-19 18:02:14.968  INFO 2339 --- [           main] org.atmosphere.cpr.AtmosphereFramework   : Set org.atmosphere.cpr.AtmosphereInterceptor.disableDefaults to disable them.
2018-12-19 18:02:14.980  INFO 2339 --- [           main] o.a.interceptor.HeartbeatInterceptor     : HeartbeatInterceptor configured with padding value ' ', client frequency 60 seconds and server frequency 10 seconds
2018-12-19 18:02:14.984  INFO 2339 --- [           main] org.atmosphere.cpr.AtmosphereFramework   : Using EndpointMapper class org.atmosphere.util.DefaultEndpointMapper
2018-12-19 18:02:14.985  INFO 2339 --- [           main] org.atmosphere.cpr.AtmosphereFramework   : Using BroadcasterCache: org.atmosphere.cache.UUIDBroadcasterCache
2018-12-19 18:02:14.985  INFO 2339 --- [           main] org.atmosphere.cpr.AtmosphereFramework   : Default Broadcaster Class: org.atmosphere.cpr.DefaultBroadcaster
2018-12-19 18:02:14.986  INFO 2339 --- [           main] org.atmosphere.cpr.AtmosphereFramework   : Broadcaster Polling Wait Time 100
2018-12-19 18:02:14.986  INFO 2339 --- [           main] org.atmosphere.cpr.AtmosphereFramework   : Shared ExecutorService supported: true
2018-12-19 18:02:14.987  INFO 2339 --- [           main] org.atmosphere.cpr.AtmosphereFramework   : Messaging Thread Pool Size: Unlimited
2018-12-19 18:02:14.989  INFO 2339 --- [           main] org.atmosphere.cpr.AtmosphereFramework   : Async I/O Thread Pool Size: 200
2018-12-19 18:02:14.992  INFO 2339 --- [           main] org.atmosphere.cpr.AtmosphereFramework   : Using BroadcasterFactory: org.atmosphere.cpr.DefaultBroadcasterFactory
2018-12-19 18:02:14.996  INFO 2339 --- [           main] org.atmosphere.cpr.AtmosphereFramework   : Using WebSocketProcessor: org.atmosphere.websocket.DefaultWebSocketProcessor
2018-12-19 18:02:15.015  INFO 2339 --- [           main] org.atmosphere.cpr.AtmosphereFramework   : Invoke AtmosphereInterceptor on WebSocket message true
2018-12-19 18:02:15.017  INFO 2339 --- [           main] org.atmosphere.cpr.AtmosphereFramework   : HttpSession supported: false
2018-12-19 18:02:15.017  INFO 2339 --- [           main] org.atmosphere.cpr.AtmosphereFramework   : Atmosphere is using DefaultAtmosphereObjectFactory for dependency injection and object creation
2018-12-19 18:02:15.017  INFO 2339 --- [           main] org.atmosphere.cpr.AtmosphereFramework   : Atmosphere is using async support: org.atmosphere.container.JSR356AsyncSupport running under container: Apache Tomcat/8.5.4 using javax.servlet/3.0 and jsr356/WebSocket API
2018-12-19 18:02:15.021  INFO 2339 --- [           main] org.atmosphere.cpr.AtmosphereFramework   : Atmosphere Framework 2.2.4 started.
2018-12-19 18:02:15.021  INFO 2339 --- [           main] org.atmosphere.cpr.AtmosphereFramework   : 

	For Atmosphere Framework Commercial Support, visit 
	http://www.async-io.org/ or send an email to support@async-io.org

2018-12-19 18:02:15.035  INFO 2339 --- [           main] s.b.c.e.t.TomcatEmbeddedServletContainer : Tomcat started on port(s): 62325 (http)
2018-12-19 18:02:15.053  INFO 2339 --- [           main] s.a.SampleAtmosphereApplicationTests     : Started SampleAtmosphereApplicationTests in 8.049 seconds (JVM running for 10.273)

  .   ____          _            __ _ _
 /\\ / ___'_ __ _ _(_)_ __  __ _ \ \ \ \
( ( )\___ | '_ | '_| | '_ \/ _` | \ \ \ \
 \\/  ___)| |_)| | | | | || (_| |  ) ) ) )
  '  |____| .__|_| |_|_| |_\__, | / / / /
 =========|_|==============|___/=/_/_/_/
 :: Spring Boot ::  (v1.4.0.BUILD-SNAPSHOT)

2018-12-19 18:02:15.196  INFO 2339 --- [           main] o.a.maven.surefire.booter.ForkedBooter   : Starting ForkedBooter v2.18.1 on Macbook-Air.local with PID 2339 (started by ravikiranmaroju in /Users/ravikiranmaroju/.jenkins/workspace/my-pipeline-mvn-job/spring-boot-samples/spring-boot-sample-atmosphere)
2018-12-19 18:02:15.197  INFO 2339 --- [           main] o.a.maven.surefire.booter.ForkedBooter   : No active profile set, falling back to default profiles: default
2018-12-19 18:02:15.199  INFO 2339 --- [           main] s.c.a.AnnotationConfigApplicationContext : Refreshing org.springframework.context.annotation.AnnotationConfigApplicationContext@599e79b6: startup date [Wed Dec 19 18:02:15 IST 2018]; root of context hierarchy
2018-12-19 18:02:15.226  INFO 2339 --- [           main] f.a.AutowiredAnnotationBeanPostProcessor : JSR-330 'javax.inject.Inject' annotation found and supported for autowiring
2018-12-19 18:02:15.359  INFO 2339 --- [           main] o.s.c.support.DefaultLifecycleProcessor  : Starting beans in phase 2147483647
2018-12-19 18:02:15.359  INFO 2339 --- [           main] o.s.w.s.c.WebSocketConnectionManager     : Starting WebSocketConnectionManager
2018-12-19 18:02:15.359  INFO 2339 --- [           main] o.s.w.s.c.WebSocketConnectionManager     : Connecting to WebSocket at ws://localhost:62325/chat/websocket
2018-12-19 18:02:15.381  INFO 2339 --- [           main] s.a.SampleAtmosphereApplicationTests     : Waiting for response: latch=1
2018-12-19 18:02:15.692  INFO 2339 --- [cTaskExecutor-1] o.s.w.s.c.WebSocketConnectionManager     : Successfully connected
2018-12-19 18:02:15.753  INFO 2339 --- [o-auto-1-exec-1] sample.atmosphere.ChatService            : Connected
2018-12-19 18:02:15.909  INFO 2339 --- [o-auto-1-exec-1] sample.atmosphere.ChatService            : Author test sent message test
2018-12-19 18:02:15.974  INFO 2339 --- [       Thread-3] org.atmosphere.cpr.AtmosphereFramework   : Latest version of Atmosphere's JavaScript Client 2.3.8
2018-12-19 18:02:15.975  INFO 2339 --- [       Thread-3] org.atmosphere.cpr.AtmosphereFramework   : 

	Atmosphere Framework Updates
	Minor available (bugs fixes): 2.2.13-EOL-CVE
	Major available (new features): 2.5.2
2018-12-19 18:02:15.984  INFO 2339 --- [lient-AsyncIO-1] s.a.SampleAtmosphereApplicationTests     : Received: TextMessage payload=[55|{"messa..], byteCount=58, last=true] (1)
2018-12-19 18:02:15.989  INFO 2339 --- [           main] s.a.SampleAtmosphereApplicationTests     : Got response: 55|{"message":"test","author":"test","time":1545222735908}
2018-12-19 18:02:15.990  INFO 2339 --- [           main] o.a.maven.surefire.booter.ForkedBooter   : Started ForkedBooter in 0.878 seconds (JVM running for 11.21)
2018-12-19 18:02:15.991  INFO 2339 --- [           main] s.c.a.AnnotationConfigApplicationContext : Closing org.springframework.context.annotation.AnnotationConfigApplicationContext@599e79b6: startup date [Wed Dec 19 18:02:15 IST 2018]; root of context hierarchy
2018-12-19 18:02:15.994  INFO 2339 --- [           main] o.s.c.support.DefaultLifecycleProcessor  : Stopping beans in phase 2147483647
2018-12-19 18:02:15.996  INFO 2339 --- [           main] o.s.w.s.c.WebSocketConnectionManager     : Stopping WebSocketConnectionManager
2018-12-19 18:02:15.998  INFO 2339 --- [o-auto-1-exec-3] sample.atmosphere.ChatService            : Client abde9ebc-b90b-46ba-9b97-ea5555638567 disconnected [cancelled]
2018-12-19 18:02:16.158  INFO 2339 --- [           main] ationConfigEmbeddedWebApplicationContext : Closing org.springframework.boot.context.embedded.AnnotationConfigEmbeddedWebApplicationContext@6054ac20: startup date [Wed Dec 19 18:02:08 IST 2018]; root of context hierarchy
Tests run: 1, Failures: 0, Errors: 0, Skipped: 0, Time elapsed: 9.571 sec - in sample.atmosphere.SampleAtmosphereApplicationTests

Results :

Tests run: 1, Failures: 0, Errors: 0, Skipped: 0

[INFO] 
[INFO] --- jacoco-maven-plugin:0.7.7.201606060606:report (default-report) @ spring-boot-sample-atmosphere ---
[INFO] Loading execution data file /Users/ravikiranmaroju/.jenkins/workspace/my-pipeline-mvn-job/spring-boot-samples/spring-boot-sample-atmosphere/target/jacoco.exec
[INFO] Analyzed bundle 'Spring Boot Atmosphere Sample' with 6 classes
[INFO] 
[INFO] --- maven-jar-plugin:2.6:jar (default-jar) @ spring-boot-sample-atmosphere ---
[INFO] Building jar: /Users/ravikiranmaroju/.jenkins/workspace/my-pipeline-mvn-job/spring-boot-samples/spring-boot-sample-atmosphere/target/spring-boot-sample-atmosphere-1.4.0.BUILD-SNAPSHOT.jar
[INFO] 
[INFO] --- spring-boot-maven-plugin:1.4.0.BUILD-SNAPSHOT:repackage (default) @ spring-boot-sample-atmosphere ---
Downloading from spring-snapshots: http://repo.spring.io/snapshot/org/springframework/boot/spring-boot-loader-tools/1.4.0.BUILD-SNAPSHOT/maven-metadata.xml
Progress (1): 2.1 kB                    Downloaded from spring-snapshots: http://repo.spring.io/snapshot/org/springframework/boot/spring-boot-loader-tools/1.4.0.BUILD-SNAPSHOT/maven-metadata.xml (2.1 kB at 2.0 kB/s)
[INFO] ------------------------------------------------------------------------
[INFO] BUILD SUCCESS
[INFO] ------------------------------------------------------------------------
[INFO] Total time: 35.559 s
[INFO] Finished at: 2018-12-19T18:02:20+05:30
[INFO] ------------------------------------------------------------------------
[8mha:////4EHinaU9aes7Q14hqwiKVJsdc52VNooofzAFHZnaHBjCAAAAaB+LCAAAAAAAAP9b85aBtbiIwTG/KF0vKzUvOzOvODlTryCnNB3I0ivPL8pOy8kv18vKT9JLzs8rzs9J1QuHCgaV5jlDhPzyS1IZIICRiYGhoohBKqM0pTg/D64Hh8ICAFt0h+h/AAAA[0m[Pipeline] stage (Quality-check-sonarqube)
Using the â€˜stageâ€™ step without a block argument is deprecated
Entering stage Quality-check-sonarqube
Proceeding
[8mha:////4EHinaU9aes7Q14hqwiKVJsdc52VNooofzAFHZnaHBjCAAAAaB+LCAAAAAAAAP9b85aBtbiIwTG/KF0vKzUvOzOvODlTryCnNB3I0ivPL8pOy8kv18vKT9JLzs8rzs9J1QuHCgaV5jlDhPzyS1IZIICRiYGhoohBKqM0pTg/D64Hh8ICAFt0h+h/AAAA[0m[Pipeline] sh
[my-pipeline-mvn-job] Running shell script
+ mvn -f spring-boot-samples/spring-boot-sample-atmosphere/pom.xml sonar:sonar -Dsonar.host.url=http://localhost:9000 -Dsonar.login=93041306e0c3726128b9516d26f5732f871fa0b9
[INFO] Scanning for projects...
Downloading from spring-snapshots: http://repo.spring.io/snapshot/org/eclipse/m2e/lifecycle-mapping/1.0.0/lifecycle-mapping-1.0.0.pom
Downloading from spring-milestones: http://repo.spring.io/milestone/org/eclipse/m2e/lifecycle-mapping/1.0.0/lifecycle-mapping-1.0.0.pom
Downloading from spring-releases: http://repo.spring.io/release/org/eclipse/m2e/lifecycle-mapping/1.0.0/lifecycle-mapping-1.0.0.pom
[WARNING] The POM for org.eclipse.m2e:lifecycle-mapping:jar:1.0.0 is missing, no dependency information available
Downloading from spring-snapshots: http://repo.spring.io/snapshot/org/eclipse/m2e/lifecycle-mapping/1.0.0/lifecycle-mapping-1.0.0.jar
Downloading from spring-milestones: http://repo.spring.io/milestone/org/eclipse/m2e/lifecycle-mapping/1.0.0/lifecycle-mapping-1.0.0.jar
Downloading from spring-releases: http://repo.spring.io/release/org/eclipse/m2e/lifecycle-mapping/1.0.0/lifecycle-mapping-1.0.0.jar
[WARNING] Failed to retrieve plugin descriptor for org.eclipse.m2e:lifecycle-mapping:1.0.0: Plugin org.eclipse.m2e:lifecycle-mapping:1.0.0 or one of its dependencies could not be resolved: Could not find artifact org.eclipse.m2e:lifecycle-mapping:jar:1.0.0 in spring-snapshots (http://repo.spring.io/snapshot)
Downloading from spring-milestones: http://repo.spring.io/milestone/org/apache/maven/plugins/maven-metadata.xml
Downloading from spring-releases: http://repo.spring.io/release/org/apache/maven/plugins/maven-metadata.xml
Downloading from spring-snapshots: http://repo.spring.io/snapshot/org/codehaus/mojo/maven-metadata.xml
Downloading from spring-snapshots: http://repo.spring.io/snapshot/org/apache/maven/plugins/maven-metadata.xml
Downloading from spring-milestones: http://repo.spring.io/milestone/org/codehaus/mojo/maven-metadata.xml
Downloading from spring-releases: http://repo.spring.io/release/org/codehaus/mojo/maven-metadata.xml
Downloading from spring-snapshots: http://repo.spring.io/snapshot/org/codehaus/mojo/sonar-maven-plugin/maven-metadata.xml
Downloading from spring-releases: http://repo.spring.io/release/org/codehaus/mojo/sonar-maven-plugin/maven-metadata.xml
Downloading from spring-milestones: http://repo.spring.io/milestone/org/codehaus/mojo/sonar-maven-plugin/maven-metadata.xml
[INFO] 
[INFO] -------< org.springframework.boot:spring-boot-sample-atmosphere >-------
[INFO] Building Spring Boot Atmosphere Sample 1.4.0.BUILD-SNAPSHOT
[INFO] --------------------------------[ jar ]---------------------------------
[WARNING] The POM for org.eclipse.m2e:lifecycle-mapping:jar:1.0.0 is missing, no dependency information available
[WARNING] Failed to retrieve plugin descriptor for org.eclipse.m2e:lifecycle-mapping:1.0.0: Plugin org.eclipse.m2e:lifecycle-mapping:1.0.0 or one of its dependencies could not be resolved: Failure to find org.eclipse.m2e:lifecycle-mapping:jar:1.0.0 in http://repo.spring.io/snapshot was cached in the local repository, resolution will not be reattempted until the update interval of spring-snapshots has elapsed or updates are forced
[INFO] 
[INFO] --- sonar-maven-plugin:3.5.0.1254:sonar (default-cli) @ spring-boot-sample-atmosphere ---
[INFO] User cache: /Users/ravikiranmaroju/.sonar/cache
[INFO] SonarQube version: 7.4.0
[INFO] Default locale: "en_GB", source code encoding: "UTF-8"
[INFO] Publish mode
[INFO] Load global settings
[INFO] ------------------------------------------------------------------------
[INFO] BUILD FAILURE
[INFO] ------------------------------------------------------------------------
[INFO] Total time: 8.784 s
[INFO] Finished at: 2018-12-19T18:02:30+05:30
[INFO] ------------------------------------------------------------------------
[ERROR] Failed to execute goal org.sonarsource.scanner.maven:sonar-maven-plugin:3.5.0.1254:sonar (default-cli) on project spring-boot-sample-atmosphere: Not authorized. Please check the properties sonar.login and sonar.password. -> [Help 1]
[ERROR] 
[ERROR] To see the full stack trace of the errors, re-run Maven with the -e switch.
[ERROR] Re-run Maven using the -X switch to enable full debug logging.
[ERROR] 
[ERROR] For more information about the errors and possible solutions, please read the following articles:
[ERROR] [Help 1] http://cwiki.apache.org/confluence/display/MAVEN/MojoExecutionException
[8mha:////4EHinaU9aes7Q14hqwiKVJsdc52VNooofzAFHZnaHBjCAAAAaB+LCAAAAAAAAP9b85aBtbiIwTG/KF0vKzUvOzOvODlTryCnNB3I0ivPL8pOy8kv18vKT9JLzs8rzs9J1QuHCgaV5jlDhPzyS1IZIICRiYGhoohBKqM0pTg/D64Hh8ICAFt0h+h/AAAA[0m[Pipeline] }
[8mha:////4EHinaU9aes7Q14hqwiKVJsdc52VNooofzAFHZnaHBjCAAAAaB+LCAAAAAAAAP9b85aBtbiIwTG/KF0vKzUvOzOvODlTryCnNB3I0ivPL8pOy8kv18vKT9JLzs8rzs9J1QuHCgaV5jlDhPzyS1IZIICRiYGhoohBKqM0pTg/D64Hh8ICAFt0h+h/AAAA[0m[Pipeline] // node
[8mha:////4EHinaU9aes7Q14hqwiKVJsdc52VNooofzAFHZnaHBjCAAAAaB+LCAAAAAAAAP9b85aBtbiIwTG/KF0vKzUvOzOvODlTryCnNB3I0ivPL8pOy8kv18vKT9JLzs8rzs9J1QuHCgaV5jlDhPzyS1IZIICRiYGhoohBKqM0pTg/D64Hh8ICAFt0h+h/AAAA[0m[Pipeline] End of Pipeline
ERROR: script returned exit code 1
Finished: FAILURE
